<?xml version="1.0" encoding="UTF-8"?>
<robot generator="Robot 7.2.2 (Python 3.13.1 on win32)" generated="2025-05-08T13:00:23.393407" rpa="false" schemaversion="5">
<suite id="s1" name="FirstTC &amp; ShadowDOM">
<suite id="s1-s1" name="FirstTC" source="C:\Automation\Robot_Framework\Day-04\testscripts\Parallel\FirstTC.robot">
<test id="s1-s1-t1" name="Valid Login Test" line="10">
<kw name="New Browser" owner="Browser">
<msg time="2025-05-08T13:00:23.589451" level="INFO">{"browser": "chromium", "headless": false, "chromiumSandbox": false, "devtools": false, "handleSIGHUP": true, "handleSIGINT": true, "handleSIGTERM": true, "slowMo": 0.0, "timeout": 30000.0, "tracesDir": "C:\\Automation\\Robot_Framework\\Day-04\\testscripts\\Parallel\\browser\\traces\\temp\\96d598ab-dbb8-4152-b40d-1f4fdf9a3064"}</msg>
<msg time="2025-05-08T13:00:24.179605" level="INFO">Starting Browser process C:\Users\thw5kor\AppData\Local\Programs\Python\Python313\Lib\site-packages\Browser\wrapper\index.js using at 127.0.0.1:62517</msg>
<msg time="2025-05-08T13:00:28.785872" level="INFO">Successfully created browser with options: {"browser":"chromium","headless":false,"chromiumSandbox":false,"devtools":false,"handleSIGHUP":true,"handleSIGINT":true,"handleSIGTERM":true,"slowMo":0,"timeout":30000,"tracesDir":"C:\\Automation\\Robot_Framework\\Day-04\\testscripts\\Parallel\\browser\\traces\\temp\\96d598ab-dbb8-4152-b40d-1f4fdf9a3064"}</msg>
<arg>${browser}</arg>
<arg>headless=${False}</arg>
<tag>BrowserControl</tag>
<tag>Setter</tag>
<doc>Create a new playwright Browser with specified options.</doc>
<status status="PASS" start="2025-05-08T13:00:23.588841" elapsed="5.197245"/>
</kw>
<kw name="New Context" owner="Browser">
<msg time="2025-05-08T13:00:28.788484" level="INFO">{
  "acceptDownloads": true,
  "bypassCSP": false,
  "forcedColors": "none",
  "ignoreHTTPSErrors": false,
  "javaScriptEnabled": true,
  "offline": false,
  "reducedMotion": "no-preference",
  "serviceWorkers": "allow",
  "viewport": {
    "height": 1080,
    "width": 1920
  }
}</msg>
<msg time="2025-05-08T13:00:28.802160" level="INFO">Successfully created context. </msg>
<msg time="2025-05-08T13:00:28.802250" level="INFO">{'acceptDownloads': True, 'bypassCSP': False, 'forcedColors': 'none', 'ignoreHTTPSErrors': False, 'javaScriptEnabled': True, 'offline': False, 'reducedMotion': 'no-preference', 'serviceWorkers': 'allow', 'viewport': {'height': 1080, 'width': 1920}}</msg>
<arg>viewport={'width': 1920, 'height': 1080}</arg>
<tag>BrowserControl</tag>
<tag>Setter</tag>
<doc>Create a new BrowserContext with specified options.</doc>
<status status="PASS" start="2025-05-08T13:00:28.786560" elapsed="0.015799"/>
</kw>
<kw name="New Page" owner="Browser">
<msg time="2025-05-08T13:00:35.438114" level="INFO">Successfully initialized new page object and opened url: https://the-internet.herokuapp.com/login</msg>
<arg>https://the-internet.herokuapp.com/login</arg>
<tag>BrowserControl</tag>
<tag>Setter</tag>
<doc>Open a new Page.</doc>
<status status="PASS" start="2025-05-08T13:00:28.802683" elapsed="6.635572"/>
</kw>
<kw name="Type Text" owner="Browser">
<msg time="2025-05-08T13:00:35.439181" level="INFO">Types the text 'tomsmith' in the given field.</msg>
<arg>\#username</arg>
<arg>${username}</arg>
<tag>PageContent</tag>
<tag>Setter</tag>
<doc>Types the given ``txt`` into the text field found by ``selector``.</doc>
<status status="PASS" start="2025-05-08T13:00:35.438602" elapsed="0.053911"/>
</kw>
<kw name="Type Text" owner="Browser">
<msg time="2025-05-08T13:00:35.493397" level="INFO">Types the text 'SuperSecretPassword!' in the given field.</msg>
<arg>\#password</arg>
<arg>${password}</arg>
<tag>PageContent</tag>
<tag>Setter</tag>
<doc>Types the given ``txt`` into the text field found by ``selector``.</doc>
<status status="PASS" start="2025-05-08T13:00:35.492772" elapsed="0.035099"/>
</kw>
<kw name="Click" owner="Browser">
<msg time="2025-05-08T13:00:35.528733" level="INFO">Clicks the element '#login &gt;&gt; .radius'.</msg>
<arg>\#login &gt;&gt; .radius</arg>
<tag>PageContent</tag>
<tag>Setter</tag>
<doc>Simulates mouse click on the element found by ``selector``.</doc>
<status status="PASS" start="2025-05-08T13:00:35.528166" elapsed="0.623136"/>
</kw>
<kw name="Get Title" owner="Browser">
<msg time="2025-05-08T13:00:36.169108" level="INFO">Title: 'The Internet'</msg>
<msg time="2025-05-08T13:00:36.169225" level="INFO">${pagetitle} = The Internet</msg>
<var>${pagetitle}</var>
<tag>Assertion</tag>
<tag>Getter</tag>
<tag>PageContent</tag>
<doc>Returns the title of the current page.</doc>
<status status="PASS" start="2025-05-08T13:00:36.151711" elapsed="0.017532"/>
</kw>
<kw name="Should Be Equal" owner="BuiltIn">
<arg>${pagetitle}</arg>
<arg>The Internet</arg>
<doc>Fails if the given objects are unequal.</doc>
<status status="PASS" start="2025-05-08T13:00:36.169538" elapsed="0.000317"/>
</kw>
<kw name="Log To Console" owner="BuiltIn">
<arg>${pagetitle}</arg>
<doc>Logs the given message to the console.</doc>
<status status="PASS" start="2025-05-08T13:00:36.169970" elapsed="0.000238"/>
</kw>
<kw name="Get Url" owner="Browser">
<msg time="2025-05-08T13:00:36.172997" level="INFO">${url} = https://the-internet.herokuapp.com/secure</msg>
<var>${url}</var>
<tag>Assertion</tag>
<tag>Getter</tag>
<tag>PageContent</tag>
<doc>Returns the current URL.</doc>
<status status="PASS" start="2025-05-08T13:00:36.170330" elapsed="0.002690"/>
</kw>
<kw name="Should Contain" owner="BuiltIn">
<arg>${url}</arg>
<arg>secure</arg>
<doc>Fails if ``container`` does not contain ``item`` one or more times.</doc>
<status status="PASS" start="2025-05-08T13:00:36.173321" elapsed="0.000274"/>
</kw>
<kw name="Log To Console" owner="BuiltIn">
<arg>${url}</arg>
<doc>Logs the given message to the console.</doc>
<status status="PASS" start="2025-05-08T13:00:36.173854" elapsed="0.000444"/>
</kw>
<msg time="2025-05-08T13:00:36.185708" level="INFO">Switching context to context=0e826c6d-d0a0-4d43-9c61-6cf88a3e1408 in CURRENT</msg>
<msg time="2025-05-08T13:00:36.190575" level="INFO">Successfully changed active context: context=0e826c6d-d0a0-4d43-9c61-6cf88a3e1408</msg>
<msg time="2025-05-08T13:00:36.223425" level="INFO">Successfully closed Context</msg>
<status status="PASS" start="2025-05-08T13:00:23.588262" elapsed="12.586295"/>
</test>
<status status="PASS" start="2025-05-08T13:00:23.424839" elapsed="12.799365"/>
</suite>
<suite id="s1-s2" name="ShadowDOM" source="C:\Automation\Robot_Framework\Day-04\testscripts\Parallel\ShadowDOM.robot">
<test id="s1-s2-t1" name="ShadowDOM" line="6">
<kw name="New Browser" owner="Browser">
<msg time="2025-05-08T13:00:36.236086" level="INFO">Switching browser to browser=b5cff461-5a83-4c83-8d3f-7cbd191a2fa3</msg>
<msg time="2025-05-08T13:00:36.238208" level="INFO">Successfully changed active browser: browser=b5cff461-5a83-4c83-8d3f-7cbd191a2fa3</msg>
<msg time="2025-05-08T13:00:36.238303" level="INFO">Reusing existing browser with id: browser=b5cff461-5a83-4c83-8d3f-7cbd191a2fa3</msg>
<arg>chromium</arg>
<arg>headless=${False}</arg>
<tag>BrowserControl</tag>
<tag>Setter</tag>
<doc>Create a new playwright Browser with specified options.</doc>
<status status="PASS" start="2025-05-08T13:00:36.235516" elapsed="0.002851"/>
</kw>
<kw name="New Context" owner="Browser">
<msg time="2025-05-08T13:00:36.240638" level="INFO">{
  "acceptDownloads": true,
  "bypassCSP": false,
  "forcedColors": "none",
  "ignoreHTTPSErrors": false,
  "javaScriptEnabled": true,
  "offline": false,
  "reducedMotion": "no-preference",
  "serviceWorkers": "allow",
  "viewport": {
    "height": 1080,
    "width": 1920
  }
}</msg>
<msg time="2025-05-08T13:00:36.247411" level="INFO">Successfully created context. </msg>
<msg time="2025-05-08T13:00:36.247511" level="INFO">{'acceptDownloads': True, 'bypassCSP': False, 'forcedColors': 'none', 'ignoreHTTPSErrors': False, 'javaScriptEnabled': True, 'offline': False, 'reducedMotion': 'no-preference', 'serviceWorkers': 'allow', 'viewport': {'height': 1080, 'width': 1920}}</msg>
<arg>viewport={'width': 1920, 'height': 1080}</arg>
<tag>BrowserControl</tag>
<tag>Setter</tag>
<doc>Create a new BrowserContext with specified options.</doc>
<status status="PASS" start="2025-05-08T13:00:36.238761" elapsed="0.008984"/>
</kw>
<kw name="New Page" owner="Browser">
<msg time="2025-05-08T13:00:38.089654" level="INFO">Successfully initialized new page object and opened url: http://uitestingplayground.com/shadowdom</msg>
<arg>http://uitestingplayground.com/shadowdom</arg>
<tag>BrowserControl</tag>
<tag>Setter</tag>
<doc>Open a new Page.</doc>
<status status="PASS" start="2025-05-08T13:00:36.247964" elapsed="1.841841"/>
</kw>
<kw name="Get Element" owner="Browser">
<msg time="2025-05-08T13:00:38.106261" level="INFO">Locator found successfully.</msg>
<msg time="2025-05-08T13:00:38.106426" level="INFO">${DOMelem} = guid-generator &gt; input#editField</msg>
<var>${DOMelem}</var>
<arg>guid-generator &gt; input#editField</arg>
<tag>Getter</tag>
<tag>PageContent</tag>
<doc>Returns a reference to a Playwright [https://playwright.dev/docs/api/class-locator|Locator].</doc>
<status status="PASS" start="2025-05-08T13:00:38.090135" elapsed="0.016308"/>
</kw>
<kw name="Type Text" owner="Browser">
<msg time="2025-05-08T13:00:38.107236" level="INFO">Types the text 'Welcome' in the given field.</msg>
<arg>${DOMelem}</arg>
<arg>Welcome</arg>
<tag>PageContent</tag>
<tag>Setter</tag>
<doc>Types the given ``txt`` into the text field found by ``selector``.</doc>
<status status="PASS" start="2025-05-08T13:00:38.106654" elapsed="0.030245"/>
</kw>
<kw name="Click" owner="Browser">
<msg time="2025-05-08T13:00:38.137950" level="INFO">Clicks the element 'guid-generator &gt; button#buttonGenerate'.</msg>
<arg>guid-generator &gt; button#buttonGenerate</arg>
<tag>PageContent</tag>
<tag>Setter</tag>
<doc>Simulates mouse click on the element found by ``selector``.</doc>
<status status="PASS" start="2025-05-08T13:00:38.137248" elapsed="0.034564"/>
</kw>
<kw name="Get Text" owner="Browser">
<msg time="2025-05-08T13:00:38.189111" level="INFO">Text: 'aefbbaff-d839-2f3e-a19e-dd8847deb3fd'</msg>
<msg time="2025-05-08T13:00:38.189213" level="INFO">${DOMtext} = aefbbaff-d839-2f3e-a19e-dd8847deb3fd</msg>
<var>${DOMtext}</var>
<arg>guid-generator &gt; input#editField</arg>
<tag>Assertion</tag>
<tag>Getter</tag>
<tag>PageContent</tag>
<doc>Returns text attribute of the element found by ``selector``.</doc>
<status status="PASS" start="2025-05-08T13:00:38.172053" elapsed="0.017175"/>
</kw>
<kw name="Log" owner="BuiltIn">
<msg time="2025-05-08T13:00:38.189859" level="INFO">aefbbaff-d839-2f3e-a19e-dd8847deb3fd</msg>
<arg>${DOMtext}</arg>
<doc>Logs the given message with the given level.</doc>
<status status="PASS" start="2025-05-08T13:00:38.189475" elapsed="0.000417"/>
</kw>
<msg time="2025-05-08T13:00:38.198575" level="INFO">Switching context to context=79b21625-75b1-4ac1-9999-02a60604469e in CURRENT</msg>
<msg time="2025-05-08T13:00:38.203375" level="INFO">Successfully changed active context: context=79b21625-75b1-4ac1-9999-02a60604469e</msg>
<msg time="2025-05-08T13:00:38.240343" level="INFO">Successfully closed Context</msg>
<status status="PASS" start="2025-05-08T13:00:36.233782" elapsed="1.956239"/>
</test>
<status status="PASS" start="2025-05-08T13:00:36.229750" elapsed="2.011437"/>
</suite>
<status status="PASS" start="2025-05-08T13:00:23.396649" elapsed="14.848329"/>
</suite>
<statistics>
<total>
<stat pass="2" fail="0" skip="0">All Tests</stat>
</total>
<tag>
</tag>
<suite>
<stat name="FirstTC &amp; ShadowDOM" id="s1" pass="2" fail="0" skip="0">FirstTC &amp; ShadowDOM</stat>
<stat name="FirstTC" id="s1-s1" pass="1" fail="0" skip="0">FirstTC &amp; ShadowDOM.FirstTC</stat>
<stat name="ShadowDOM" id="s1-s2" pass="1" fail="0" skip="0">FirstTC &amp; ShadowDOM.ShadowDOM</stat>
</suite>
</statistics>
<errors>
</errors>
</robot>
