<?xml version="1.0" encoding="UTF-8"?>
<robot generator="Robot 7.2.2 (Python 3.13.1 on win32)" generated="2025-05-08T11:10:06.077335" rpa="false" schemaversion="5">
<suite id="s1" name="GherkinLoginTC" source="C:\Automation\Robot_Framework\Day-03\testscripts\GherkinLoginTC.robot">
<test id="s1-t1" name="valid Login" line="10">
<kw name="Given browser is opened to login page">
<kw name="Open Browser" owner="Browser">
<msg time="2025-05-08T11:10:06.271169" level="WARN">Open Browser is for quick experimentation and debugging only. Use New Page for production.</msg>
<msg time="2025-05-08T11:10:06.271844" level="INFO">{"browser": "chromium", "headless": false, "chromiumSandbox": false, "devtools": false, "handleSIGHUP": true, "handleSIGINT": true, "handleSIGTERM": true, "slowMo": 0.0, "timeout": 30000.0, "tracesDir": "C:\\Automation\\Robot_Framework\\Day-03\\testscripts\\browser\\traces\\temp\\bbf2dede-2471-4315-941c-ca44cc84235c"}</msg>
<msg time="2025-05-08T11:10:06.509447" level="INFO">Starting Browser process C:\Users\thw5kor\AppData\Local\Programs\Python\Python313\Lib\site-packages\Browser\wrapper\index.js using at 127.0.0.1:60904</msg>
<arg>${URl}</arg>
<arg>${browser}</arg>
<tag>BrowserControl</tag>
<tag>Setter</tag>
<doc>Opens a new browser instance. Use this keyword for quick experiments or debugging sessions.</doc>
<status status="FAIL" start="2025-05-08T11:10:06.270645" elapsed="241.479763">Execution terminated by signal</status>
</kw>
<status status="FAIL" start="2025-05-08T11:10:06.269959" elapsed="241.480682">Execution terminated by signal</status>
</kw>
<kw name="When user &quot;tomsmith&quot; logs in with password &quot;SuperSecretPassword!&quot;" source_name="user &quot;${username}&quot; logs in with password &quot;${password}&quot;">
<status status="NOT RUN" start="2025-05-08T11:14:07.751087" elapsed="0.000826"/>
</kw>
<kw name="Then Should display success message">
<status status="NOT RUN" start="2025-05-08T11:14:07.752224" elapsed="0.000172"/>
</kw>
<errors>
<msg time="2025-05-08T11:10:06.271169" level="WARN">Open Browser is for quick experimentation and debugging only. Use New Page for production.</msg>
<msg time="2025-05-08T11:14:12.033782" level="ERROR">Execution stopped by user.</msg>
</errors>
</robot>
