<?xml version="1.0" encoding="UTF-8"?>
<robot generator="Robot 7.2.2 (Python 3.13.1 on win32)" generated="2025-05-20T10:32:54.016783" rpa="false" schemaversion="5">
<suite id="s1" name="Robot Framework" source="C:\Automation\Robot_Framework">
<suite id="s1-s1" name="Week-02" source="C:\Automation\Robot_Framework\Week-02">
<suite id="s1-s1-s1" name="Testscripts" source="C:\Automation\Robot_Framework\Week-02\testscripts">
<suite id="s1-s1-s1-s1" name="Delete Request" source="C:\Automation\Robot_Framework\Week-02\testscripts\Delete_Request.robot">
<test id="s1-s1-s1-s1-t1" name="Delete Request" line="14">
<kw name="Create Session" owner="RequestsLibrary">
<msg time="2025-05-20T10:32:54.454822" level="INFO">Creating Session using : alias=myDelSess, url=https://reqres.in/api/users, headers={},                     cookies={}, auth=None, timeout=None, proxies=None, verify=False,                     debug=0 </msg>
<arg>myDelSess</arg>
<arg>${base_url}</arg>
<doc>Create Session: create a HTTP session to a server</doc>
<status status="PASS" start="2025-05-20T10:32:54.454399" elapsed="0.000922"/>
</kw>
<kw name="Create Dictionary" owner="BuiltIn">
<msg time="2025-05-20T10:32:54.455895" level="INFO">&amp;{header} = { }</msg>
<var>&amp;{header}</var>
<doc>Creates and returns a dictionary based on the given ``items``.</doc>
<status status="PASS" start="2025-05-20T10:32:54.455550" elapsed="0.000504"/>
</kw>
<kw name="Set To Dictionary" owner="Collections">
<arg>${header}</arg>
<arg>Cache-control=no-cache</arg>
<doc>Adds the given ``key_value_pairs`` and/or ``items`` to the ``dictionary``.</doc>
<status status="PASS" start="2025-05-20T10:32:54.456220" elapsed="0.000414"/>
</kw>
<kw name="Set To Dictionary" owner="Collections">
<arg>${header}</arg>
<arg>x-api-key=reqres-free-v1</arg>
<doc>Adds the given ``key_value_pairs`` and/or ``items`` to the ``dictionary``.</doc>
<status status="PASS" start="2025-05-20T10:32:54.456993" elapsed="0.000335"/>
</kw>
<kw name="DELETE On Session" owner="RequestsLibrary">
<msg time="2025-05-20T10:32:58.415026" level="INFO">DELETE Request : url=https://reqres.in/api/users/6 
 path_url=/api/users/6 
 headers={'User-Agent': 'python-requests/2.32.3', 'Accept-Encoding': 'gzip, deflate, br', 'Accept': '*/*', 'Connection': 'keep-alive', 'Cache-control': 'no-cache', 'x-api-key': 'reqres-free-v1', 'Content-Length': '0'} 
 body=None 
 </msg>
<msg time="2025-05-20T10:32:58.415392" level="INFO">DELETE Response : url=https://reqres.in/api/users/6 
 status=204, reason=No Content 
 headers={'Date': 'Tue, 20 May 2025 05:02:58 GMT', 'Connection': 'keep-alive', 'Server': 'cloudflare', 'Cf-Ray': '942948ede9bdf51f-FRA', 'Report-To': '{"group":"heroku-nel","max_age":3600,"endpoints":[{"url":"https://nel.heroku.com/reports?ts=1747717378&amp;sid=c4c9725f-1ab0-44d8-820f-430df2718e11&amp;s=Uj4x6Fpyu44yduIzyYa1w08%2FHu2N9zzP0vXXdacvxsc%3D"}]}', 'Reporting-Endpoints': 'heroku-nel=https://nel.heroku.com/reports?ts=1747717378&amp;sid=c4c9725f-1ab0-44d8-820f-430df2718e11&amp;s=Uj4x6Fpyu44yduIzyYa1w08%2FHu2N9zzP0vXXdacvxsc%3D', 'Nel': '{"report_to":"heroku-nel","max_age":3600,"success_fraction":0.005,"failure_fraction":0.05,"response_headers":["Via"]}', 'X-Powered-By': 'Express', 'Access-Control-Allow-Origin': '*', 'Ratelimit-Policy': '100;w=60', 'Ratelimit-Limit': '100', 'Ratelimit-Remaining': '96', 'Ratelimit-Reset': '27', 'Etag': 'W/"2-vyGp6PvFo4RvsFtPoIWeCReyIC8"', 'Via': '1.1 vegur', 'Cf-Cache-Status': 'DYNAMIC', 'server-timing': 'cfL4;desc="?proto=TCP&amp;rtt=5948&amp;min_rtt=5832&amp;rtt_var=2420&amp;sent=6&amp;recv=6&amp;lost=0&amp;retrans=0&amp;sent_bytes=2838&amp;recv_bytes=848&amp;delivery_rate=606472&amp;cwnd=252&amp;unsent_bytes=0&amp;cid=7fa520dc51d63c41&amp;ts=547&amp;x=0"'} 
 body=None 
 </msg>
<msg time="2025-05-20T10:32:58.415590" level="INFO">C:\Users\thw5kor\AppData\Local\Programs\Python\Python313\Lib\site-packages\urllib3\connectionpool.py:1097: InsecureRequestWarning: Unverified HTTPS request is being made to host 'localhost'. Adding certificate verification is strongly advised. See: https://urllib3.readthedocs.io/en/latest/advanced-usage.html#tls-warnings
  warnings.warn(</msg>
<msg time="2025-05-20T10:32:58.416390" level="INFO">${response} = &lt;Response [204]&gt;</msg>
<var>${response}</var>
<arg>myDelSess</arg>
<arg>/6</arg>
<arg>headers=${header}</arg>
<doc>Sends a DELETE request on a previously created HTTP Session.</doc>
<status status="PASS" start="2025-05-20T10:32:54.457556" elapsed="3.959077"/>
</kw>
<status status="PASS" start="2025-05-20T10:32:54.453501" elapsed="3.963424"/>
</test>
<test id="s1-s1-s1-s1-t2" name="Delete Request with Header" line="21">
<kw name="Create Session" owner="RequestsLibrary">
<msg time="2025-05-20T10:32:58.418581" level="INFO">Creating Session using : alias=myDelSess, url=https://gorest.co.in/public/v2, headers={},                     cookies={}, auth=None, timeout=None, proxies=None, verify=False,                     debug=0 </msg>
<arg>myDelSess</arg>
<arg>${url}</arg>
<doc>Create Session: create a HTTP session to a server</doc>
<status status="PASS" start="2025-05-20T10:32:58.418310" elapsed="0.000524"/>
</kw>
<kw name="Create Dictionary" owner="BuiltIn">
<msg time="2025-05-20T10:32:58.419598" level="INFO">&amp;{header} = { Authorization=Bearer da1f7e570214c8b4ede62b16aabf019012f6311da8c2c433b8e51a630043afdf }</msg>
<var>&amp;{header}</var>
<arg>Authorization=Bearer da1f7e570214c8b4ede62b16aabf019012f6311da8c2c433b8e51a630043afdf</arg>
<doc>Creates and returns a dictionary based on the given ``items``.</doc>
<status status="PASS" start="2025-05-20T10:32:58.419017" elapsed="0.000791"/>
</kw>
<kw name="DELETE On Session" owner="RequestsLibrary">
<msg time="2025-05-20T10:33:02.880682" level="INFO">DELETE Request : url=https://gorest.co.in/public/v2/users/7901165 
 path_url=/public/v2/users/7901165 
 headers={'User-Agent': 'python-requests/2.32.3', 'Accept-Encoding': 'gzip, deflate, br', 'Accept': '*/*', 'Connection': 'keep-alive', 'Authorization': 'Bearer da1f7e570214c8b4ede62b16aabf019012f6311da8c2c433b8e51a630043afdf', 'Content-Length': '0'} 
 body=None 
 </msg>
<msg time="2025-05-20T10:33:02.880952" level="INFO">DELETE Response : url=https://gorest.co.in/public/v2/users/7901165 
 status=204, reason=No Content 
 headers={'Date': 'Tue, 20 May 2025 05:03:02 GMT', 'Connection': 'keep-alive', 'Cache-Control': 'no-cache', 'Feature-Policy': "camera 'none'; gyroscope 'none'; microphone 'none'; usb 'none'; fullscreen 'self'", 'Referrer-Policy': 'strict-origin-when-cross-origin', 'Vary': 'Origin', 'X-Content-Type-Options': 'nosniff', 'X-Download-Options': 'noopen', 'X-Frame-Options': 'SAMEORIGIN', 'X-Permitted-Cross-Domain-Policies': 'none', 'X-Ratelimit-Limit': '90', 'X-Ratelimit-Remaining': '90', 'X-Ratelimit-Reset': '1', 'X-Request-Id': '767861a0-b24a-4972-87f4-407f503d6b85', 'X-Runtime': '0.094054', 'X-Xss-Protection': '0', 'Cf-Cache-Status': 'DYNAMIC', 'Report-To': '{"group":"cf-nel","max_age":604800,"endpoints":[{"url":"https://a.nel.cloudflare.com/report/v4?s=ciEuWRrcJM7C5B8tNW8LKRLVpGySBqFRFOisMMRqWPxaXKNnDDyEr8MEL3K2BCPLirJh1BVe%2F%2BaXTgCFDUT79LArms0fHX89LprKeQ%3D%3D"}]}', 'Nel': '{"report_to":"cf-nel","success_fraction":0.0,"max_age":604800}', 'Server': 'cloudflare', 'CF-RAY': '94294906ce4337ce-FRA', 'alt-svc': 'h3=":443"; ma=86400'} 
 body=None 
 </msg>
<msg time="2025-05-20T10:33:02.881199" level="INFO">C:\Users\thw5kor\AppData\Local\Programs\Python\Python313\Lib\site-packages\urllib3\connectionpool.py:1097: InsecureRequestWarning: Unverified HTTPS request is being made to host 'localhost'. Adding certificate verification is strongly advised. See: https://urllib3.readthedocs.io/en/latest/advanced-usage.html#tls-warnings
  warnings.warn(</msg>
<msg time="2025-05-20T10:33:02.881572" level="INFO">${response} = &lt;Response [204]&gt;</msg>
<var>${response}</var>
<arg>myDelSess</arg>
<arg>/users/7901165</arg>
<arg>headers=&amp;{header}</arg>
<doc>Sends a DELETE request on a previously created HTTP Session.</doc>
<status status="PASS" start="2025-05-20T10:32:58.420055" elapsed="4.461685"/>
</kw>
<status status="PASS" start="2025-05-20T10:32:58.417623" elapsed="4.464368"/>
</test>
<status status="PASS" start="2025-05-20T10:32:54.082603" elapsed="8.800323"/>
</suite>
<status status="PASS" start="2025-05-20T10:32:54.080076" elapsed="8.804044"/>
</suite>
<status status="PASS" start="2025-05-20T10:32:54.078197" elapsed="8.806955"/>
</suite>
<status status="PASS" start="2025-05-20T10:32:54.058450" elapsed="8.827435"/>
</suite>
<statistics>
<total>
<stat pass="2" fail="0" skip="0">All Tests</stat>
</total>
<tag>
</tag>
<suite>
<stat name="Robot Framework" id="s1" pass="2" fail="0" skip="0">Robot Framework</stat>
<stat name="Week-02" id="s1-s1" pass="2" fail="0" skip="0">Robot Framework.Week-02</stat>
<stat name="Testscripts" id="s1-s1-s1" pass="2" fail="0" skip="0">Robot Framework.Week-02.Testscripts</stat>
<stat name="Delete Request" id="s1-s1-s1-s1" pass="2" fail="0" skip="0">Robot Framework.Week-02.Testscripts.Delete Request</stat>
</suite>
</statistics>
<errors>
</errors>
</robot>
