<?xml version="1.0" encoding="UTF-8"?>
<robot generator="Robot 7.2.2 (Python 3.13.1 on win32)" generated="2025-05-08T13:01:56.930899" rpa="false" schemaversion="5">
<suite id="s1" name="Parallel" source="C:\Automation\Robot_Framework\Day-04\testscripts\parallel">
<suite id="s1-s1" name="ShadowDOM" source="C:\Automation\Robot_Framework\Day-04\testscripts\parallel\ShadowDOM.robot">
<test id="s1-s1-t1" name="ShadowDOM" line="6">
<kw name="New Browser" owner="Browser">
<msg time="2025-05-08T13:01:57.155087" level="INFO">{"browser": "chromium", "headless": false, "chromiumSandbox": false, "devtools": false, "handleSIGHUP": true, "handleSIGINT": true, "handleSIGTERM": true, "slowMo": 0.0, "timeout": 30000.0, "tracesDir": "C:\\Automation\\Robot_Framework\\Day-04\\testscripts\\pabot_results\\1\\browser\\traces\\temp\\8f459825-66e3-4991-a82a-e4409cfe78ad"}</msg>
<msg time="2025-05-08T13:01:57.424889" level="INFO">Starting Browser process C:\Users\thw5kor\AppData\Local\Programs\Python\Python313\Lib\site-packages\Browser\wrapper\index.js using at 127.0.0.1:64874</msg>
<msg time="2025-05-08T13:02:00.038389" level="INFO">Successfully created browser with options: {"browser":"chromium","headless":false,"chromiumSandbox":false,"devtools":false,"handleSIGHUP":true,"handleSIGINT":true,"handleSIGTERM":true,"slowMo":0,"timeout":30000,"tracesDir":"C:\\Automation\\Robot_Framework\\Day-04\\testscripts\\pabot_results\\1\\browser\\traces\\temp\\8f459825-66e3-4991-a82a-e4409cfe78ad"}</msg>
<arg>chromium</arg>
<arg>headless=${False}</arg>
<tag>BrowserControl</tag>
<tag>Setter</tag>
<doc>Create a new playwright Browser with specified options.</doc>
<status status="PASS" start="2025-05-08T13:01:57.154393" elapsed="2.884253"/>
</kw>
<kw name="New Context" owner="Browser">
<msg time="2025-05-08T13:02:00.041379" level="INFO">{
  "acceptDownloads": true,
  "bypassCSP": false,
  "forcedColors": "none",
  "ignoreHTTPSErrors": false,
  "javaScriptEnabled": true,
  "offline": false,
  "reducedMotion": "no-preference",
  "serviceWorkers": "allow",
  "viewport": {
    "width": 1920,
    "height": 1080
  }
}</msg>
<msg time="2025-05-08T13:02:00.053534" level="INFO">Successfully created context. </msg>
<msg time="2025-05-08T13:02:00.053603" level="INFO">{'acceptDownloads': True, 'bypassCSP': False, 'forcedColors': 'none', 'ignoreHTTPSErrors': False, 'javaScriptEnabled': True, 'offline': False, 'reducedMotion': 'no-preference', 'serviceWorkers': 'allow', 'viewport': {'width': 1920, 'height': 1080}}</msg>
<arg>viewport={'width': 1920, 'height': 1080}</arg>
<tag>BrowserControl</tag>
<tag>Setter</tag>
<doc>Create a new BrowserContext with specified options.</doc>
<status status="PASS" start="2025-05-08T13:02:00.038976" elapsed="0.014686"/>
</kw>
<kw name="New Page" owner="Browser">
<msg time="2025-05-08T13:02:01.397004" level="INFO">Successfully initialized new page object and opened url: http://uitestingplayground.com/shadowdom</msg>
<arg>http://uitestingplayground.com/shadowdom</arg>
<tag>BrowserControl</tag>
<tag>Setter</tag>
<doc>Open a new Page.</doc>
<status status="PASS" start="2025-05-08T13:02:00.053808" elapsed="1.343337"/>
</kw>
<kw name="Get Element" owner="Browser">
<msg time="2025-05-08T13:02:01.421356" level="INFO">Locator found successfully.</msg>
<msg time="2025-05-08T13:02:01.421527" level="INFO">${DOMelem} = guid-generator &gt; input#editField</msg>
<var>${DOMelem}</var>
<arg>guid-generator &gt; input#editField</arg>
<tag>Getter</tag>
<tag>PageContent</tag>
<doc>Returns a reference to a Playwright [https://playwright.dev/docs/api/class-locator|Locator].</doc>
<status status="PASS" start="2025-05-08T13:02:01.397285" elapsed="0.024263"/>
</kw>
<kw name="Type Text" owner="Browser">
<msg time="2025-05-08T13:02:01.422370" level="INFO">Types the text 'Welcome' in the given field.</msg>
<arg>${DOMelem}</arg>
<arg>Welcome</arg>
<tag>PageContent</tag>
<tag>Setter</tag>
<doc>Types the given ``txt`` into the text field found by ``selector``.</doc>
<status status="PASS" start="2025-05-08T13:02:01.421687" elapsed="0.026950"/>
</kw>
<kw name="Click" owner="Browser">
<msg time="2025-05-08T13:02:01.449385" level="INFO">Clicks the element 'guid-generator &gt; button#buttonGenerate'.</msg>
<arg>guid-generator &gt; button#buttonGenerate</arg>
<tag>PageContent</tag>
<tag>Setter</tag>
<doc>Simulates mouse click on the element found by ``selector``.</doc>
<status status="PASS" start="2025-05-08T13:02:01.448792" elapsed="0.036664"/>
</kw>
<kw name="Get Text" owner="Browser">
<msg time="2025-05-08T13:02:01.505062" level="INFO">Text: '67cf7502-1fd0-c6ba-092e-da667f79b9e1'</msg>
<msg time="2025-05-08T13:02:01.505175" level="INFO">${DOMtext} = 67cf7502-1fd0-c6ba-092e-da667f79b9e1</msg>
<var>${DOMtext}</var>
<arg>guid-generator &gt; input#editField</arg>
<tag>Assertion</tag>
<tag>Getter</tag>
<tag>PageContent</tag>
<doc>Returns text attribute of the element found by ``selector``.</doc>
<status status="PASS" start="2025-05-08T13:02:01.485616" elapsed="0.019578"/>
</kw>
<kw name="Log" owner="BuiltIn">
<msg time="2025-05-08T13:02:01.505728" level="INFO">67cf7502-1fd0-c6ba-092e-da667f79b9e1</msg>
<arg>${DOMtext}</arg>
<doc>Logs the given message with the given level.</doc>
<status status="PASS" start="2025-05-08T13:02:01.505326" elapsed="0.000438"/>
</kw>
<msg time="2025-05-08T13:02:01.516354" level="INFO">Switching context to context=5dbb2e3c-43b5-48df-acfc-3ee397888f8a in CURRENT</msg>
<msg time="2025-05-08T13:02:01.525217" level="INFO">Successfully changed active context: context=5dbb2e3c-43b5-48df-acfc-3ee397888f8a</msg>
<msg time="2025-05-08T13:02:01.545250" level="INFO">Successfully closed Context</msg>
<status status="PASS" start="2025-05-08T13:01:57.153653" elapsed="4.352196"/>
</test>
<status status="PASS" start="2025-05-08T13:01:56.969965" elapsed="4.575812"/>
</suite>
<status status="PASS" start="2025-05-08T13:01:56.961071" elapsed="4.598424"/>
</suite>
<statistics>
<total>
<stat pass="1" fail="0" skip="0">All Tests</stat>
</total>
<tag>
</tag>
<suite>
<stat name="Parallel" id="s1" pass="1" fail="0" skip="0">Parallel</stat>
<stat name="ShadowDOM" id="s1-s1" pass="1" fail="0" skip="0">Parallel.ShadowDOM</stat>
</suite>
</statistics>
<errors>
</errors>
</robot>
