<?xml version="1.0" encoding="UTF-8"?>
<robot generator="Robot 7.2 (Python 3.12.0 on win32)" generated="2025-05-15T12:17:12.457871" rpa="false" schemaversion="5">
<suite id="s1" name="TestingRF" source="C:\Anjali_Work_Folder\TestingRF">
<suite id="s1-s1" name="TestingAmaz" source="C:\Anjali_Work_Folder\TestingRF\TestingAmaz">
<suite id="s1-s1-s1" name="Testing" source="C:\Anjali_Work_Folder\TestingRF\TestingAmaz\testing">
<suite id="s1-s1-s1-s1" name="Amaz" source="C:\Anjali_Work_Folder\TestingRF\TestingAmaz\testing\amaz.robot">
<kw name="LaunchApp" owner="amazresources" type="SETUP">
<kw name="Open Browser" owner="Browser">
<msg time="2025-05-15T12:17:12.762526" level="WARN">Open Browser is for quick experimentation and debugging only. Use New Page for production.</msg>
<msg time="2025-05-15T12:17:12.763498" level="INFO">{"browser": "chromium", "headless": false, "chromiumSandbox": false, "devtools": false, "handleSIGHUP": true, "handleSIGINT": true, "handleSIGTERM": true, "slowMo": 0.0, "timeout": 30000.0, "tracesDir": "C:\\Anjali_Work_Folder\\TestingRF\\results\\browser\\traces\\temp\\ed6a6fbd-0bce-4f9e-81d0-7794598d8524"}</msg>
<msg time="2025-05-15T12:17:13.019477" level="INFO">Starting Browser process C:\Users\Zai1kor\AppData\Local\Programs\Python\Python312\Lib\site-packages\Browser\wrapper\index.js using port 65437</msg>
<msg time="2025-05-15T12:17:13.019477" level="INFO">Node startup parameters: ['node', 'C:\\Users\\Zai1kor\\AppData\\Local\\Programs\\Python\\Python312\\Lib\\site-packages\\Browser\\wrapper\\index.js', '65437']</msg>
<msg time="2025-05-15T12:17:15.224110" level="INFO">Successfully created browser with options: {"browser":"chromium","headless":false,"chromiumSandbox":false,"devtools":false,"handleSIGHUP":true,"handleSIGINT":true,"handleSIGTERM":true,"slowMo":0,"timeout":30000,"tracesDir":"C:\\Anjali_Work_Folder\\TestingRF\\results\\browser\\traces\\temp\\ed6a6fbd-0bce-4f9e-81d0-7794598d8524"}</msg>
<msg time="2025-05-15T12:17:15.226111" level="INFO">{
  "acceptDownloads": true,
  "bypassCSP": true,
  "forcedColors": "none",
  "ignoreHTTPSErrors": false,
  "javaScriptEnabled": true,
  "offline": false,
  "reducedMotion": "no-preference",
  "serviceWorkers": "allow",
  "viewport": {
    "height": 720,
    "width": 1280
  }
}</msg>
<msg time="2025-05-15T12:17:15.247625" level="INFO">Successfully created context. </msg>
<msg time="2025-05-15T12:17:15.248628" level="INFO">{'acceptDownloads': True, 'bypassCSP': True, 'forcedColors': 'none', 'ignoreHTTPSErrors': False, 'javaScriptEnabled': True, 'offline': False, 'reducedMotion': 'no-preference', 'serviceWorkers': 'allow', 'viewport': {'height': 720, 'width': 1280}}</msg>
<msg time="2025-05-15T12:17:17.048014" level="INFO">Successfully initialized new page object and opened url: https://www.demoblaze.com</msg>
<arg>${baseUrl}</arg>
<arg>${browser}</arg>
<tag>BrowserControl</tag>
<tag>Setter</tag>
<doc>Opens a new browser instance. Use this keyword for quick experiments or debugging sessions.</doc>
<status status="PASS" start="2025-05-15T12:17:12.761495" elapsed="4.287518"/>
</kw>
<status status="PASS" start="2025-05-15T12:17:12.760497" elapsed="4.288516"/>
</kw>
<test id="s1-s1-s1-s1-t1" name="Valid Login Test" line="14">
<kw name="Click loginCart" owner="loginpage">
<kw name="Click" owner="Browser">
<msg time="2025-05-15T12:17:17.070539" level="INFO">Clicks the element 'id=login2'.</msg>
<arg>${clicklogin}</arg>
<tag>PageContent</tag>
<tag>Setter</tag>
<doc>Simulates mouse click on the element found by ``selector``.</doc>
<status status="PASS" start="2025-05-15T12:17:17.069535" elapsed="0.159036"/>
</kw>
<status status="PASS" start="2025-05-15T12:17:17.068535" elapsed="0.160036"/>
</kw>
<kw name="Enter Username" owner="loginpage">
<kw name="Type Text" owner="Browser">
<msg time="2025-05-15T12:17:17.231567" level="INFO">Types the text 'AnjaliRai' in the given field.</msg>
<arg>${loginid}</arg>
<arg>${username}</arg>
<tag>PageContent</tag>
<tag>Setter</tag>
<doc>Types the given ``txt`` into the text field found by ``selector``.</doc>
<status status="PASS" start="2025-05-15T12:17:17.230569" elapsed="0.300914"/>
</kw>
<status status="PASS" start="2025-05-15T12:17:17.229570" elapsed="0.301913"/>
</kw>
<kw name="Enter Password" owner="loginpage">
<kw name="Type Text" owner="Browser">
<msg time="2025-05-15T12:17:17.533483" level="INFO">Types the text 'Anjalirai88' in the given field.</msg>
<arg>${loginpwd}</arg>
<arg>${pwd}</arg>
<tag>PageContent</tag>
<tag>Setter</tag>
<doc>Types the given ``txt`` into the text field found by ``selector``.</doc>
<status status="PASS" start="2025-05-15T12:17:17.532483" elapsed="0.087209"/>
</kw>
<status status="PASS" start="2025-05-15T12:17:17.531483" elapsed="0.088209"/>
</kw>
<kw name="Click LoginBtn" owner="loginpage">
<kw name="Click" owner="Browser">
<msg time="2025-05-15T12:17:17.622696" level="INFO">Clicks the element 'css=button[onclick="logIn()"]'.</msg>
<arg>${loginBtn}</arg>
<tag>PageContent</tag>
<tag>Setter</tag>
<doc>Simulates mouse click on the element found by ``selector``.</doc>
<status status="PASS" start="2025-05-15T12:17:17.621693" elapsed="0.052781"/>
</kw>
<kw name="Sleep" owner="BuiltIn">
<msg time="2025-05-15T12:17:27.675842" level="INFO">Slept 10 seconds.</msg>
<arg>10</arg>
<doc>Pauses the test executed for the given time.</doc>
<status status="PASS" start="2025-05-15T12:17:17.674474" elapsed="10.002030"/>
</kw>
<status status="PASS" start="2025-05-15T12:17:17.620726" elapsed="10.055778"/>
</kw>
<msg time="2025-05-15T12:17:27.682523" level="INFO">Set timeout to: 10000</msg>
<status status="PASS" start="2025-05-15T12:17:17.049013" elapsed="10.628511"/>
</test>
<test id="s1-s1-s1-s1-t2" name="Select Product Test" line="20">
<kw name="Add Item to Cart" owner="productlistresource">
<kw name="Click" owner="Browser">
<msg time="2025-05-15T12:17:27.698110" level="INFO">Clicks the element 'css=a.hrefch &gt;&gt; text=Samsung galaxy s6'.</msg>
<msg time="2025-05-15T12:17:37.916774" level="INFO" html="true">&lt;/td&gt;&lt;/tr&gt;&lt;tr&gt;&lt;td colspan="3"&gt;&lt;a href="browser/screenshot/fail-screenshot-1.png" target="_blank"&gt;&lt;img src="browser/screenshot/fail-screenshot-1.png" width="800px"/&gt;&lt;/a&gt;</msg>
<msg time="2025-05-15T12:17:37.916774" level="INFO">See also file:///C:/Anjali_Work_Folder/TestingRF/results/playwright-log.txt for additional details.</msg>
<msg time="2025-05-15T12:17:47.093779" level="FAIL">TimeoutError: locator.click: Timeout 10000ms exceeded.
Call log:
  - waiting for locator('a.hrefch').locator('text=Samsung galaxy s6')
    - locator resolved to &lt;a class="hrefch" href="prod.html?idp_=1"&gt;Samsung galaxy s6&lt;/a&gt;
  - attempting click action
    2 × waiting for element to be visible, enabled and stable
      - element is visible, enabled and stable
      - scrolling into view if needed
      - done scrolling
      - &lt;div tabindex="-1" role="dialog" id="logInModal" class="modal fade show" aria-labelledby="logInModalLabel"&gt;…&lt;/div&gt; intercepts pointer events
    - retrying click action
    - waiting 20ms
    - waiting for element to be visible, enabled and stable
    - element is visible, enabled and stable
    - scrolling into view if needed
    - done scrolling
    - &lt;div class="modal-footer"&gt;…&lt;/div&gt; from &lt;div tabindex="-1" role="dialog" id="logInModal" class="modal fade show" aria-labelledby="logInModalLabel"&gt;…&lt;/div&gt; subtree intercepts pointer events
  2 × retrying click action
      - waiting 100ms
      - waiting for element to be visible, enabled and stable
      - element is visible, enabled and stable
      - scrolling into view if needed
      - done scrolling
      - &lt;div tabindex="-1" role="dialog" id="logInModal" class="modal fade show" aria-labelledby="logInModalLabel"&gt;…&lt;/div&gt; intercepts pointer events
  4 × retrying click action
      - waiting 500ms
      - waiting for element to be visible, enabled and stable
      - element is visible, enabled and stable
      - scrolling into view if needed
      - done scrolling
      - &lt;div tabindex="-1" role="dialog" id="logInModal" class="modal fade show" aria-labelledby="logInModalLabel"&gt;…&lt;/div&gt; intercepts pointer events
    - retrying click action
      - waiting 500ms
      - waiting for element to be visible, enabled and stable
      - element is visible, enabled and stable
      - scrolling into view if needed
      - done scrolling
      - &lt;div class="modal-footer"&gt;…&lt;/div&gt; from &lt;div tabindex="-1" role="dialog" id="logInModal" class="modal fade show" aria-labelledby="logInModalLabel"&gt;…&lt;/div&gt; subtree intercepts pointer events
    - retrying click action
      - waiting 500ms
      - waiting for element to be visible, enabled and stable
      - element is visible, enabled and stable
      - scrolling into view if needed
      - done scrolling
      - &lt;div tabindex="-1" role="dialog" id="logInModal" class="modal fade show" aria-labelledby="logInModalLabel"&gt;…&lt;/div&gt; intercepts pointer events
    - retrying click action
      - waiting 500ms
      - waiting for element to be visible, enabled and stable
      - element is visible, enabled and stable
      - scrolling into view if needed
      - done scrolling
      - &lt;div tabindex="-1" role="dialog" id="logInModal" class="modal fade show" aria-labelledby="logInModalLabel"&gt;…&lt;/div&gt; intercepts pointer events
  - retrying click action
    - waiting 500ms
    - waiting for element to be visible, enabled and stable
    - element is visible, enabled and stable
    - scrolling into view if needed
    - done scrolling
    - &lt;div tabindex="-1" role="dialog" id="logInModal" class="modal fade show" aria-labelledby="logInModalLabel"&gt;…&lt;/div&gt; intercepts pointer events
  - retrying click action
    - waiting 500ms
</msg>
<arg>${itemname}</arg>
<tag>PageContent</tag>
<tag>Setter</tag>
<doc>Simulates mouse click on the element found by ``selector``.</doc>
<status status="FAIL" start="2025-05-15T12:17:27.696995" elapsed="19.416009">TimeoutError: locator.click: Timeout 10000ms exceeded.
Call log:
  - waiting for locator('a.hrefch').locator('text=Samsung galaxy s6')
    - locator resolved to &lt;a class="hrefch" href="prod.html?idp_=1"&gt;Samsung galaxy s6&lt;/a&gt;
  - attempting click action
    2 × waiting for element to be visible, enabled and stable
      - element is visible, enabled and stable
      - scrolling into view if needed
      - done scrolling
      - &lt;div tabindex="-1" role="dialog" id="logInModal" class="modal fade show" aria-labelledby="logInModalLabel"&gt;…&lt;/div&gt; intercepts pointer events
    - retrying click action
    - waiting 20ms
    - waiting for element to be visible, enabled and stable
    - element is visible, enabled and stable
    - scrolling into view if needed
    - done scrolling
    - &lt;div class="modal-footer"&gt;…&lt;/div&gt; from &lt;div tabindex="-1" role="dialog" id="logInModal" class="modal fade show" aria-labelledby="logInModalLabel"&gt;…...
    [ Message content over the limit has been removed. ]
      - &lt;div tabindex="-1" role="dialog" id="logInModal" class="modal fade show" aria-labelledby="logInModalLabel"&gt;…&lt;/div&gt; intercepts pointer events
    - retrying click action
      - waiting 500ms
      - waiting for element to be visible, enabled and stable
      - element is visible, enabled and stable
      - scrolling into view if needed
      - done scrolling
      - &lt;div tabindex="-1" role="dialog" id="logInModal" class="modal fade show" aria-labelledby="logInModalLabel"&gt;…&lt;/div&gt; intercepts pointer events
  - retrying click action
    - waiting 500ms
    - waiting for element to be visible, enabled and stable
    - element is visible, enabled and stable
    - scrolling into view if needed
    - done scrolling
    - &lt;div tabindex="-1" role="dialog" id="logInModal" class="modal fade show" aria-labelledby="logInModalLabel"&gt;…&lt;/div&gt; intercepts pointer events
  - retrying click action
    - waiting 500ms</status>
</kw>
<kw name="Click" owner="Browser">
<arg>${itemOne}</arg>
<tag>PageContent</tag>
<tag>Setter</tag>
<doc>Simulates mouse click on the element found by ``selector``.</doc>
<status status="NOT RUN" start="2025-05-15T12:17:47.113004" elapsed="0.000999"/>
</kw>
<kw name="Click" owner="Browser">
<arg>${itemTwo}</arg>
<tag>PageContent</tag>
<tag>Setter</tag>
<doc>Simulates mouse click on the element found by ``selector``.</doc>
<status status="NOT RUN" start="2025-05-15T12:17:47.114003" elapsed="0.000000"/>
</kw>
<kw name="Sleep" owner="BuiltIn">
<arg>3s</arg>
<doc>Pauses the test executed for the given time.</doc>
<status status="NOT RUN" start="2025-05-15T12:17:47.114003" elapsed="0.001507"/>
</kw>
<status status="FAIL" start="2025-05-15T12:17:27.696995" elapsed="19.418515">TimeoutError: locator.click: Timeout 10000ms exceeded.
Call log:
  - waiting for locator('a.hrefch').locator('text=Samsung galaxy s6')
    - locator resolved to &lt;a class="hrefch" href="prod.html?idp_=1"&gt;Samsung galaxy s6&lt;/a&gt;
  - attempting click action
    2 × waiting for element to be visible, enabled and stable
      - element is visible, enabled and stable
      - scrolling into view if needed
      - done scrolling
      - &lt;div tabindex="-1" role="dialog" id="logInModal" class="modal fade show" aria-labelledby="logInModalLabel"&gt;…&lt;/div&gt; intercepts pointer events
    - retrying click action
    - waiting 20ms
    - waiting for element to be visible, enabled and stable
    - element is visible, enabled and stable
    - scrolling into view if needed
    - done scrolling
    - &lt;div class="modal-footer"&gt;…&lt;/div&gt; from &lt;div tabindex="-1" role="dialog" id="logInModal" class="modal fade show" aria-labelledby="logInModalLabel"&gt;…...
    [ Message content over the limit has been removed. ]
      - &lt;div tabindex="-1" role="dialog" id="logInModal" class="modal fade show" aria-labelledby="logInModalLabel"&gt;…&lt;/div&gt; intercepts pointer events
    - retrying click action
      - waiting 500ms
      - waiting for element to be visible, enabled and stable
      - element is visible, enabled and stable
      - scrolling into view if needed
      - done scrolling
      - &lt;div tabindex="-1" role="dialog" id="logInModal" class="modal fade show" aria-labelledby="logInModalLabel"&gt;…&lt;/div&gt; intercepts pointer events
  - retrying click action
    - waiting 500ms
    - waiting for element to be visible, enabled and stable
    - element is visible, enabled and stable
    - scrolling into view if needed
    - done scrolling
    - &lt;div tabindex="-1" role="dialog" id="logInModal" class="modal fade show" aria-labelledby="logInModalLabel"&gt;…&lt;/div&gt; intercepts pointer events
  - retrying click action
    - waiting 500ms</status>
</kw>
<kw name="View Cart" owner="productlistresource">
<status status="NOT RUN" start="2025-05-15T12:17:47.116321" elapsed="0.001031"/>
</kw>
<msg time="2025-05-15T12:17:47.122356" level="INFO">Set timeout to: 10000</msg>
<status status="FAIL" start="2025-05-15T12:17:27.688524" elapsed="19.429827">TimeoutError: locator.click: Timeout 10000ms exceeded.
Call log:
  - waiting for locator('a.hrefch').locator('text=Samsung galaxy s6')
    - locator resolved to &lt;a class="hrefch" href="prod.html?idp_=1"&gt;Samsung galaxy s6&lt;/a&gt;
  - attempting click action
    2 × waiting for element to be visible, enabled and stable
      - element is visible, enabled and stable
      - scrolling into view if needed
      - done scrolling
      - &lt;div tabindex="-1" role="dialog" id="logInModal" class="modal fade show" aria-labelledby="logInModalLabel"&gt;…&lt;/div&gt; intercepts pointer events
    - retrying click action
    - waiting 20ms
    - waiting for element to be visible, enabled and stable
    - element is visible, enabled and stable
    - scrolling into view if needed
    - done scrolling
    - &lt;div class="modal-footer"&gt;…&lt;/div&gt; from &lt;div tabindex="-1" role="dialog" id="logInModal" class="modal fade show" aria-labelledby="logInModalLabel"&gt;…...
    [ Message content over the limit has been removed. ]
      - &lt;div tabindex="-1" role="dialog" id="logInModal" class="modal fade show" aria-labelledby="logInModalLabel"&gt;…&lt;/div&gt; intercepts pointer events
    - retrying click action
      - waiting 500ms
      - waiting for element to be visible, enabled and stable
      - element is visible, enabled and stable
      - scrolling into view if needed
      - done scrolling
      - &lt;div tabindex="-1" role="dialog" id="logInModal" class="modal fade show" aria-labelledby="logInModalLabel"&gt;…&lt;/div&gt; intercepts pointer events
  - retrying click action
    - waiting 500ms
    - waiting for element to be visible, enabled and stable
    - element is visible, enabled and stable
    - scrolling into view if needed
    - done scrolling
    - &lt;div tabindex="-1" role="dialog" id="logInModal" class="modal fade show" aria-labelledby="logInModalLabel"&gt;…&lt;/div&gt; intercepts pointer events
  - retrying click action
    - waiting 500ms</status>
</test>
<status status="FAIL" start="2025-05-15T12:17:12.504631" elapsed="34.629171"/>
</suite>
<status status="FAIL" start="2025-05-15T12:17:12.501050" elapsed="34.888433"/>
</suite>
<status status="FAIL" start="2025-05-15T12:17:12.497691" elapsed="34.895669"/>
</suite>
<status status="FAIL" start="2025-05-15T12:17:12.468827" elapsed="34.926690"/>
</suite>
<statistics>
<total>
<stat pass="1" fail="1" skip="0">All Tests</stat>
</total>
<tag>
</tag>
<suite>
<stat name="TestingRF" id="s1" pass="1" fail="1" skip="0">TestingRF</stat>
<stat name="TestingAmaz" id="s1-s1" pass="1" fail="1" skip="0">TestingRF.TestingAmaz</stat>
<stat name="Testing" id="s1-s1-s1" pass="1" fail="1" skip="0">TestingRF.TestingAmaz.Testing</stat>
<stat name="Amaz" id="s1-s1-s1-s1" pass="1" fail="1" skip="0">TestingRF.TestingAmaz.Testing.Amaz</stat>
</suite>
</statistics>
<errors>
<msg time="2025-05-15T12:17:12.762526" level="WARN">Open Browser is for quick experimentation and debugging only. Use New Page for production.</msg>
</errors>
</robot>
